<?xml version="1.0" encoding="UTF-8"?>
<!-- Generated by org.testng.reporters.JUnitReportReporter -->
<testsuite skipped="0" hostname="LHTU05CG8491ZL8" name="Login" tests="1" failures="0" timestamp="14 Oct 2020 19:08:39 GMT" time="19.299" errors="0">
  <testcase name="basenavigationstep" time="19.299" classname="Login"/>
</testsuite> <!-- Login -->
