<?xml version="1.0" encoding="UTF-8"?>
<!-- Generated by org.testng.reporters.JUnitReportReporter -->
<testsuite skipped="0" hostname="LHTU05CG8491ZL8" name="ClientPortal.ClientPortal.Class" tests="1" failures="0" timestamp="06 Oct 2020 19:09:20 GMT" time="0.016" errors="0">
  <testcase name="aaa" time="0.016" classname="ClientPortal.ClientPortal.Class"/>
</testsuite> <!-- ClientPortal.ClientPortal.Class -->
