<?xml version="1.0" encoding="UTF-8"?>
<!-- Generated by org.testng.reporters.JUnitReportReporter -->
<testsuite skipped="0" hostname="LHTU05CG8491ZL8" name="ClientPortal.ClientPortal.Validate_manual_referral_screen" tests="1" failures="0" timestamp="14 Oct 2020 19:26:16 GMT" time="20.024" errors="0">
  <testcase name="Validate_manual_referral_screen" time="20.024" classname="ClientPortal.ClientPortal.Validate_manual_referral_screen"/>
</testsuite> <!-- ClientPortal.ClientPortal.Validate_manual_referral_screen -->
