<?xml version="1.0" encoding="UTF-8"?>
<!-- Generated by org.testng.reporters.JUnitReportReporter -->
<testsuite skipped="0" hostname="LHTU05CG8491ZL8" name="Utilities.base" tests="1" failures="0" timestamp="06 Oct 2020 19:56:58 GMT" time="5.704" errors="0">
  <testcase name="initializedriver" time="5.704" classname="Utilities.base"/>
</testsuite> <!-- Utilities.base -->
